<?xml version="1.0" encoding="UTF-8"?>
<testng-results ignored="0" total="4" passed="2" failed="2" skipped="0">
  <reporter-output>
  </reporter-output>
  <suite started-at="2023-12-16T19:28:50 IST" name="Suite" finished-at="2023-12-16T19:28:55 IST" duration-ms="4972">
    <groups>
      <group name="smoke">
        <method signature="CreateOrder.CheckOutAndLogOut()[pri:4, instance:TestCases.CreateOrder@45efd90f]" name="CheckOutAndLogOut" class="TestCases.CreateOrder"/>
      </group> <!-- smoke -->
      <group name="Regression">
        <method signature="CreateOrder.Login()[pri:1, instance:TestCases.CreateOrder@45efd90f]" name="Login" class="TestCases.CreateOrder"/>
        <method signature="CreateOrder.AddToCart()[pri:2, instance:TestCases.CreateOrder@45efd90f]" name="AddToCart" class="TestCases.CreateOrder"/>
        <method signature="CreateOrder.AddUserDetails()[pri:3, instance:TestCases.CreateOrder@45efd90f]" name="AddUserDetails" class="TestCases.CreateOrder"/>
      </group> <!-- Regression -->
    </groups>
    <test started-at="2023-12-16T19:28:50 IST" name="Create_Order" finished-at="2023-12-16T19:28:55 IST" duration-ms="4972">
      <class name="TestCases.CreateOrder">
        <test-method is-config="true" signature="InitializeExtentReport()[pri:0, instance:TestCases.CreateOrder@45efd90f]" started-at="2023-12-16T19:28:50 IST" name="InitializeExtentReport" finished-at="2023-12-16T19:28:50 IST" duration-ms="227" status="PASS">
          <reporter-output>
          </reporter-output>
        </test-method> <!-- InitializeExtentReport -->
        <test-method is-config="true" signature="launchBrowser(org.testng.ITestContext,java.lang.String)[pri:0, instance:TestCases.CreateOrder@45efd90f]" started-at="2023-12-16T19:28:50 IST" name="launchBrowser" finished-at="2023-12-16T19:28:52 IST" duration-ms="1793" status="PASS">
          <params>
            <param index="0">
              <value>
                <![CDATA[org.testng.TestRunner@23ed382c]]>
              </value>
            </param>
            <param index="1">
              <value>
                <![CDATA[Edge]]>
              </value>
            </param>
          </params>
          <reporter-output>
          </reporter-output>
        </test-method> <!-- launchBrowser -->
        <test-method is-config="true" signature="ReadExcelData(java.lang.String,java.lang.String)[pri:0, instance:TestCases.CreateOrder@45efd90f]" started-at="2023-12-16T19:28:52 IST" name="ReadExcelData" finished-at="2023-12-16T19:28:52 IST" depends-on-methods="BasePackage.BaseClass.launchBrowser" duration-ms="146" status="PASS">
          <params>
            <param index="0">
              <value>
                <![CDATA[./TestData/TestData.xls]]>
              </value>
            </param>
            <param index="1">
              <value>
                <![CDATA[TestData]]>
              </value>
            </param>
          </params>
          <reporter-output>
          </reporter-output>
        </test-method> <!-- ReadExcelData -->
        <test-method is-config="true" signature="ConfigureAllDetails()[pri:0, instance:TestCases.CreateOrder@45efd90f]" started-at="2023-12-16T19:28:52 IST" name="ConfigureAllDetails" finished-at="2023-12-16T19:28:52 IST" depends-on-methods="BasePackage.BaseClass.ReadExcelData, BasePackage.BaseClass.launchBrowser" duration-ms="1" status="PASS">
          <reporter-output>
          </reporter-output>
        </test-method> <!-- ConfigureAllDetails -->
        <test-method signature="Login()[pri:1, instance:TestCases.CreateOrder@45efd90f]" started-at="2023-12-16T19:28:52 IST" name="Login" finished-at="2023-12-16T19:28:54 IST" duration-ms="2341" status="PASS">
          <reporter-output>
          </reporter-output>
        </test-method> <!-- Login -->
        <test-method is-config="true" signature="TestStatus(java.lang.reflect.Method,org.testng.ITestResult)[pri:0, instance:TestCases.CreateOrder@45efd90f]" started-at="2023-12-16T19:28:55 IST" name="TestStatus" finished-at="2023-12-16T19:28:55 IST" duration-ms="8" status="PASS">
          <params>
            <param index="0">
              <value>
                <![CDATA[public void TestCases.CreateOrder.Login()]]>
              </value>
            </param>
            <param index="1">
              <value>
                <![CDATA[[TestResult name=Login status=SUCCESS method=CreateOrder.Login()[pri:1, instance:TestCases.CreateOrder@45efd90f] output={null}]]]>
              </value>
            </param>
          </params>
          <reporter-output>
          </reporter-output>
        </test-method> <!-- TestStatus -->
        <test-method signature="AddToCart()[pri:2, instance:TestCases.CreateOrder@45efd90f]" started-at="2023-12-16T19:28:55 IST" name="AddToCart" finished-at="2023-12-16T19:28:55 IST" duration-ms="206" status="PASS">
          <reporter-output>
          </reporter-output>
        </test-method> <!-- AddToCart -->
        <test-method is-config="true" signature="TestStatus(java.lang.reflect.Method,org.testng.ITestResult)[pri:0, instance:TestCases.CreateOrder@45efd90f]" started-at="2023-12-16T19:28:55 IST" name="TestStatus" finished-at="2023-12-16T19:28:55 IST" duration-ms="1" status="PASS">
          <params>
            <param index="0">
              <value>
                <![CDATA[public void TestCases.CreateOrder.AddToCart()]]>
              </value>
            </param>
            <param index="1">
              <value>
                <![CDATA[[TestResult name=AddToCart status=SUCCESS method=CreateOrder.AddToCart()[pri:2, instance:TestCases.CreateOrder@45efd90f] output={null}]]]>
              </value>
            </param>
          </params>
          <reporter-output>
          </reporter-output>
        </test-method> <!-- TestStatus -->
        <test-method signature="AddUserDetails()[pri:3, instance:TestCases.CreateOrder@45efd90f]" started-at="2023-12-16T19:28:55 IST" name="AddUserDetails" finished-at="2023-12-16T19:28:55 IST" duration-ms="173" status="FAIL">
          <exception class="java.lang.IllegalArgumentException">
            <message>
              <![CDATA[Keys to send should be a not null CharSequence]]>
            </message>
            <full-stacktrace>
              <![CDATA[java.lang.IllegalArgumentException: Keys to send should be a not null CharSequence
at org.openqa.selenium.remote.RemoteWebElement.sendKeys(RemoteWebElement.java:97)
at TestCases.CreateOrder.AddUserDetails(CreateOrder.java:61)
at java.base/jdk.internal.reflect.NativeMethodAccessorImpl.invoke0(Native Method)
at java.base/jdk.internal.reflect.NativeMethodAccessorImpl.invoke(NativeMethodAccessorImpl.java:77)
at java.base/jdk.internal.reflect.DelegatingMethodAccessorImpl.invoke(DelegatingMethodAccessorImpl.java:43)
at java.base/java.lang.reflect.Method.invoke(Method.java:568)
at org.testng.internal.invokers.MethodInvocationHelper.invokeMethod(MethodInvocationHelper.java:139)
at org.testng.internal.invokers.TestInvoker.invokeMethod(TestInvoker.java:664)
at org.testng.internal.invokers.TestInvoker.invokeTestMethod(TestInvoker.java:227)
at org.testng.internal.invokers.MethodRunner.runInSequence(MethodRunner.java:50)
at org.testng.internal.invokers.TestInvoker$MethodInvocationAgent.invoke(TestInvoker.java:957)
at org.testng.internal.invokers.TestInvoker.invokeTestMethods(TestInvoker.java:200)
at org.testng.internal.invokers.TestMethodWorker.invokeTestMethods(TestMethodWorker.java:148)
at org.testng.internal.invokers.TestMethodWorker.run(TestMethodWorker.java:128)
at java.base/java.util.ArrayList.forEach(ArrayList.java:1511)
at org.testng.TestRunner.privateRun(TestRunner.java:848)
at org.testng.TestRunner.run(TestRunner.java:621)
at org.testng.SuiteRunner.runTest(SuiteRunner.java:443)
at org.testng.SuiteRunner.runSequentially(SuiteRunner.java:437)
at org.testng.SuiteRunner.privateRun(SuiteRunner.java:397)
at org.testng.SuiteRunner.run(SuiteRunner.java:336)
at org.testng.SuiteRunnerWorker.runSuite(SuiteRunnerWorker.java:52)
at org.testng.SuiteRunnerWorker.run(SuiteRunnerWorker.java:95)
at org.testng.TestNG.runSuitesSequentially(TestNG.java:1280)
at org.testng.TestNG.runSuitesLocally(TestNG.java:1200)
at org.testng.TestNG.runSuites(TestNG.java:1114)
at org.testng.TestNG.run(TestNG.java:1082)
at org.testng.remote.AbstractRemoteTestNG.run(AbstractRemoteTestNG.java:115)
at org.testng.remote.RemoteTestNG.initAndRun(RemoteTestNG.java:251)
at org.testng.remote.RemoteTestNG.main(RemoteTestNG.java:77)
]]>
            </full-stacktrace>
          </exception> <!-- java.lang.IllegalArgumentException -->
          <reporter-output>
          </reporter-output>
        </test-method> <!-- AddUserDetails -->
        <test-method is-config="true" signature="TestStatus(java.lang.reflect.Method,org.testng.ITestResult)[pri:0, instance:TestCases.CreateOrder@45efd90f]" started-at="2023-12-16T19:28:55 IST" name="TestStatus" finished-at="2023-12-16T19:28:55 IST" duration-ms="134" status="PASS">
          <params>
            <param index="0">
              <value>
                <![CDATA[public void TestCases.CreateOrder.AddUserDetails()]]>
              </value>
            </param>
            <param index="1">
              <value>
                <![CDATA[[TestResult name=AddUserDetails status=FAILURE method=CreateOrder.AddUserDetails()[pri:3, instance:TestCases.CreateOrder@45efd90f] output={null}]]]>
              </value>
            </param>
          </params>
          <reporter-output>
          </reporter-output>
        </test-method> <!-- TestStatus -->
        <test-method signature="CheckOutAndLogOut()[pri:4, instance:TestCases.CreateOrder@45efd90f]" started-at="2023-12-16T19:28:55 IST" name="CheckOutAndLogOut" finished-at="2023-12-16T19:28:55 IST" duration-ms="22" status="FAIL">
          <exception class="org.openqa.selenium.NoSuchElementException">
            <message>
              <![CDATA[no such element: Unable to locate element: {"method":"xpath","selector":"//*[@id="finish"]"}
  (Session info: MicrosoftEdge=120.0.2210.61)
For documentation on this error, please visit: https://www.selenium.dev/documentation/webdriver/troubleshooting/errors#no-such-element-exception
Build info: version: '4.15.0', revision: '1d14b5521b'
System info: os.name: 'Windows 11', os.arch: 'amd64', os.version: '10.0', java.version: '17.0.9'
Driver info: org.openqa.selenium.edge.EdgeDriver
Command: [83a81ba24272437c48e03d531caa8ba9, findElement {using=xpath, value=//*[@id="finish"]}]
Capabilities {acceptInsecureCerts: false, browserName: MicrosoftEdge, browserVersion: 120.0.2210.61, fedcm:accounts: true, ms:edgeOptions: {debuggerAddress: localhost:56636}, msedge: {msedgedriverVersion: 120.0.2210.77 (e8468c80f044..., userDataDir: C:\Users\91996\AppData\Loca...}, networkConnectionEnabled: false, pageLoadStrategy: normal, platformName: windows, proxy: Proxy(), se:cdp: ws://localhost:56636/devtoo..., se:cdpVersion: 120.0.2210.61, setWindowRect: true, strictFileInteractability: false, timeouts: {implicit: 0, pageLoad: 300000, script: 30000}, unhandledPromptBehavior: dismiss and notify, webauthn:extension:credBlob: true, webauthn:extension:largeBlob: true, webauthn:extension:minPinLength: true, webauthn:extension:prf: true, webauthn:virtualAuthenticators: true}
Session ID: 83a81ba24272437c48e03d531caa8ba9]]>
            </message>
            <full-stacktrace>
              <![CDATA[org.openqa.selenium.NoSuchElementException: no such element: Unable to locate element: {"method":"xpath","selector":"//*[@id="finish"]"}
  (Session info: MicrosoftEdge=120.0.2210.61)
For documentation on this error, please visit: https://www.selenium.dev/documentation/webdriver/troubleshooting/errors#no-such-element-exception
Build info: version: '4.15.0', revision: '1d14b5521b'
System info: os.name: 'Windows 11', os.arch: 'amd64', os.version: '10.0', java.version: '17.0.9'
Driver info: org.openqa.selenium.edge.EdgeDriver
Command: [83a81ba24272437c48e03d531caa8ba9, findElement {using=xpath, value=//*[@id="finish"]}]
Capabilities {acceptInsecureCerts: false, browserName: MicrosoftEdge, browserVersion: 120.0.2210.61, fedcm:accounts: true, ms:edgeOptions: {debuggerAddress: localhost:56636}, msedge: {msedgedriverVersion: 120.0.2210.77 (e8468c80f044..., userDataDir: C:\Users\91996\AppData\Loca...}, networkConnectionEnabled: false, pageLoadStrategy: normal, platformName: windows, proxy: Proxy(), se:cdp: ws://localhost:56636/devtoo..., se:cdpVersion: 120.0.2210.61, setWindowRect: true, strictFileInteractability: false, timeouts: {implicit: 0, pageLoad: 300000, script: 30000}, unhandledPromptBehavior: dismiss and notify, webauthn:extension:credBlob: true, webauthn:extension:largeBlob: true, webauthn:extension:minPinLength: true, webauthn:extension:prf: true, webauthn:virtualAuthenticators: true}
Session ID: 83a81ba24272437c48e03d531caa8ba9
at java.base/jdk.internal.reflect.NativeConstructorAccessorImpl.newInstance0(Native Method)
at java.base/jdk.internal.reflect.NativeConstructorAccessorImpl.newInstance(NativeConstructorAccessorImpl.java:77)
at java.base/jdk.internal.reflect.DelegatingConstructorAccessorImpl.newInstance(DelegatingConstructorAccessorImpl.java:45)
at java.base/java.lang.reflect.Constructor.newInstanceWithCaller(Constructor.java:499)
at java.base/java.lang.reflect.Constructor.newInstance(Constructor.java:480)
at org.openqa.selenium.remote.codec.w3c.W3CHttpResponseCodec.createException(W3CHttpResponseCodec.java:200)
at org.openqa.selenium.remote.codec.w3c.W3CHttpResponseCodec.decode(W3CHttpResponseCodec.java:133)
at org.openqa.selenium.remote.codec.w3c.W3CHttpResponseCodec.decode(W3CHttpResponseCodec.java:52)
at org.openqa.selenium.remote.HttpCommandExecutor.execute(HttpCommandExecutor.java:191)
at org.openqa.selenium.remote.service.DriverCommandExecutor.invokeExecute(DriverCommandExecutor.java:200)
at org.openqa.selenium.remote.service.DriverCommandExecutor.execute(DriverCommandExecutor.java:175)
at org.openqa.selenium.remote.RemoteWebDriver.execute(RemoteWebDriver.java:607)
at org.openqa.selenium.remote.ElementLocation$ElementFinder$2.findElement(ElementLocation.java:165)
at org.openqa.selenium.remote.ElementLocation.findElement(ElementLocation.java:59)
at org.openqa.selenium.remote.RemoteWebDriver.findElement(RemoteWebDriver.java:364)
at org.openqa.selenium.remote.RemoteWebDriver.findElement(RemoteWebDriver.java:358)
at TestCases.CreateOrder.CheckOutAndLogOut(CreateOrder.java:70)
at java.base/jdk.internal.reflect.NativeMethodAccessorImpl.invoke0(Native Method)
at java.base/jdk.internal.reflect.NativeMethodAccessorImpl.invoke(NativeMethodAccessorImpl.java:77)
at java.base/jdk.internal.reflect.DelegatingMethodAccessorImpl.invoke(DelegatingMethodAccessorImpl.java:43)
at java.base/java.lang.reflect.Method.invoke(Method.java:568)
at org.testng.internal.invokers.MethodInvocationHelper.invokeMethod(MethodInvocationHelper.java:139)
at org.testng.internal.invokers.TestInvoker.invokeMethod(TestInvoker.java:664)
at org.testng.internal.invokers.TestInvoker.invokeTestMethod(TestInvoker.java:227)
at org.testng.internal.invokers.MethodRunner.runInSequence(MethodRunner.java:50)
at org.testng.internal.invokers.TestInvoker$MethodInvocationAgent.invoke(TestInvoker.java:957)
at org.testng.internal.invokers.TestInvoker.invokeTestMethods(TestInvoker.java:200)
at org.testng.internal.invokers.TestMethodWorker.invokeTestMethods(TestMethodWorker.java:148)
at org.testng.internal.invokers.TestMethodWorker.run(TestMethodWorker.java:128)
at java.base/java.util.ArrayList.forEach(ArrayList.java:1511)
at org.testng.TestRunner.privateRun(TestRunner.java:848)
at org.testng.TestRunner.run(TestRunner.java:621)
at org.testng.SuiteRunner.runTest(SuiteRunner.java:443)
at org.testng.SuiteRunner.runSequentially(SuiteRunner.java:437)
at org.testng.SuiteRunner.privateRun(SuiteRunner.java:397)
at org.testng.SuiteRunner.run(SuiteRunner.java:336)
at org.testng.SuiteRunnerWorker.runSuite(SuiteRunnerWorker.java:52)
at org.testng.SuiteRunnerWorker.run(SuiteRunnerWorker.java:95)
at org.testng.TestNG.runSuitesSequentially(TestNG.java:1280)
at org.testng.TestNG.runSuitesLocally(TestNG.java:1200)
at org.testng.TestNG.runSuites(TestNG.java:1114)
at org.testng.TestNG.run(TestNG.java:1082)
at org.testng.remote.AbstractRemoteTestNG.run(AbstractRemoteTestNG.java:115)
at org.testng.remote.RemoteTestNG.initAndRun(RemoteTestNG.java:251)
at org.testng.remote.RemoteTestNG.main(RemoteTestNG.java:77)
]]>
            </full-stacktrace>
          </exception> <!-- org.openqa.selenium.NoSuchElementException -->
          <reporter-output>
          </reporter-output>
        </test-method> <!-- CheckOutAndLogOut -->
        <test-method is-config="true" signature="TestStatus(java.lang.reflect.Method,org.testng.ITestResult)[pri:0, instance:TestCases.CreateOrder@45efd90f]" started-at="2023-12-16T19:28:55 IST" name="TestStatus" finished-at="2023-12-16T19:28:55 IST" duration-ms="93" status="PASS">
          <params>
            <param index="0">
              <value>
                <![CDATA[public void TestCases.CreateOrder.CheckOutAndLogOut()]]>
              </value>
            </param>
            <param index="1">
              <value>
                <![CDATA[[TestResult name=CheckOutAndLogOut status=FAILURE method=CreateOrder.CheckOutAndLogOut()[pri:4, instance:TestCases.CreateOrder@45efd90f] output={null}]]]>
              </value>
            </param>
          </params>
          <reporter-output>
          </reporter-output>
        </test-method> <!-- TestStatus -->
        <test-method is-config="true" signature="quitbrowser()[pri:0, instance:TestCases.CreateOrder@45efd90f]" started-at="2023-12-16T19:28:55 IST" name="quitbrowser" finished-at="2023-12-16T19:28:56 IST" duration-ms="502" status="PASS">
          <reporter-output>
          </reporter-output>
        </test-method> <!-- quitbrowser -->
      </class> <!-- TestCases.CreateOrder -->
    </test> <!-- Create_Order -->
  </suite> <!-- Suite -->
</testng-results>
